Nov 22, 2020 1:24:18 PM org.apache.catalina.startup.VersionLoggerListener log
INFO: Server version name:   Apache Tomcat/7.0.106
Nov 22, 2020 1:24:18 PM org.apache.catalina.startup.VersionLoggerListener log
INFO: Server built:          Sep 16 2020 08:33:41 UTC
Nov 22, 2020 1:24:18 PM org.apache.catalina.startup.VersionLoggerListener log
INFO: Server version number: 7.0.106.0
Nov 22, 2020 1:24:18 PM org.apache.catalina.startup.VersionLoggerListener log
INFO: OS Name:               Linux
Nov 22, 2020 1:24:18 PM org.apache.catalina.startup.VersionLoggerListener log
INFO: OS Version:            5.4.0-1029-aws
Nov 22, 2020 1:24:18 PM org.apache.catalina.startup.VersionLoggerListener log
INFO: Architecture:          amd64
Nov 22, 2020 1:24:18 PM org.apache.catalina.startup.VersionLoggerListener log
INFO: Java Home:             /usr/lib/jvm/java-8-openjdk-amd64/jre
Nov 22, 2020 1:24:18 PM org.apache.catalina.startup.VersionLoggerListener log
INFO: JVM Version:           1.8.0_275-8u275-b01-0ubuntu1~18.04-b01
Nov 22, 2020 1:24:18 PM org.apache.catalina.startup.VersionLoggerListener log
INFO: JVM Vendor:            Private Build
Nov 22, 2020 1:24:18 PM org.apache.catalina.startup.VersionLoggerListener log
INFO: CATALINA_BASE:         /home/apache-tomcat-7.0.106
Nov 22, 2020 1:24:18 PM org.apache.catalina.startup.VersionLoggerListener log
INFO: CATALINA_HOME:         /home/apache-tomcat-7.0.106
Nov 22, 2020 1:24:18 PM org.apache.catalina.startup.VersionLoggerListener log
INFO: Command line argument: -Djava.util.logging.config.file=/home/apache-tomcat-7.0.106/conf/logging.properties
Nov 22, 2020 1:24:18 PM org.apache.catalina.startup.VersionLoggerListener log
INFO: Command line argument: -Djava.util.logging.manager=org.apache.juli.ClassLoaderLogManager
Nov 22, 2020 1:24:18 PM org.apache.catalina.startup.VersionLoggerListener log
INFO: Command line argument: -Djdk.tls.ephemeralDHKeySize=2048
Nov 22, 2020 1:24:18 PM org.apache.catalina.startup.VersionLoggerListener log
INFO: Command line argument: -Dorg.apache.catalina.security.SecurityListener.UMASK=0027
Nov 22, 2020 1:24:18 PM org.apache.catalina.startup.VersionLoggerListener log
INFO: Command line argument: -Dignore.endorsed.dirs=
Nov 22, 2020 1:24:18 PM org.apache.catalina.startup.VersionLoggerListener log
INFO: Command line argument: -Dcatalina.base=/home/apache-tomcat-7.0.106
Nov 22, 2020 1:24:18 PM org.apache.catalina.startup.VersionLoggerListener log
INFO: Command line argument: -Dcatalina.home=/home/apache-tomcat-7.0.106
Nov 22, 2020 1:24:18 PM org.apache.catalina.startup.VersionLoggerListener log
INFO: Command line argument: -Djava.io.tmpdir=/home/apache-tomcat-7.0.106/temp
Nov 22, 2020 1:24:18 PM org.apache.catalina.core.AprLifecycleListener lifecycleEvent
INFO: The Apache Tomcat Native library which allows using OpenSSL was not found on the java.library.path: [/usr/java/packages/lib/amd64:/usr/lib/x86_64-linux-gnu/jni:/lib/x86_64-linux-gnu:/usr/lib/x86_64-linux-gnu:/usr/lib/jni:/lib:/usr/lib]
Nov 22, 2020 1:24:18 PM org.apache.coyote.AbstractProtocol init
INFO: Initializing ProtocolHandler ["http-bio-8181"]
Nov 22, 2020 1:24:18 PM org.apache.catalina.startup.Catalina load
INFO: Initialization processed in 1631 ms
Nov 22, 2020 1:24:18 PM org.apache.catalina.core.StandardService startInternal
INFO: Starting service [Catalina]
Nov 22, 2020 1:24:18 PM org.apache.catalina.core.StandardEngine startInternal
INFO: Starting Servlet Engine: Apache Tomcat/7.0.106
Nov 22, 2020 1:24:18 PM org.apache.catalina.startup.HostConfig deployDirectory
INFO: Deploying web application directory [/home/apache-tomcat-7.0.106/webapps/ROOT]
Nov 22, 2020 1:24:19 PM org.apache.catalina.startup.HostConfig deployDirectory
INFO: Deployment of web application directory [/home/apache-tomcat-7.0.106/webapps/ROOT] has finished in [588] ms
Nov 22, 2020 1:24:19 PM org.apache.catalina.startup.HostConfig deployDirectory
INFO: Deploying web application directory [/home/apache-tomcat-7.0.106/webapps/docs]
Nov 22, 2020 1:24:19 PM org.apache.catalina.startup.HostConfig deployDirectory
INFO: Deployment of web application directory [/home/apache-tomcat-7.0.106/webapps/docs] has finished in [96] ms
Nov 22, 2020 1:24:19 PM org.apache.catalina.startup.HostConfig deployDirectory
INFO: Deploying web application directory [/home/apache-tomcat-7.0.106/webapps/host-manager]
Nov 22, 2020 1:24:19 PM org.apache.catalina.startup.HostConfig deployDirectory
INFO: Deployment of web application directory [/home/apache-tomcat-7.0.106/webapps/host-manager] has finished in [118] ms
Nov 22, 2020 1:24:19 PM org.apache.catalina.startup.HostConfig deployDirectory
INFO: Deploying web application directory [/home/apache-tomcat-7.0.106/webapps/examples]
Nov 22, 2020 1:24:20 PM org.apache.catalina.startup.HostConfig deployDirectory
INFO: Deployment of web application directory [/home/apache-tomcat-7.0.106/webapps/examples] has finished in [476] ms
Nov 22, 2020 1:24:20 PM org.apache.catalina.startup.HostConfig deployDirectory
INFO: Deploying web application directory [/home/apache-tomcat-7.0.106/webapps/manager]
Nov 22, 2020 1:24:20 PM org.apache.catalina.startup.HostConfig deployDirectory
INFO: Deployment of web application directory [/home/apache-tomcat-7.0.106/webapps/manager] has finished in [101] ms
Nov 22, 2020 1:24:20 PM org.apache.coyote.AbstractProtocol start
INFO: Starting ProtocolHandler ["http-bio-8181"]
Nov 22, 2020 1:24:20 PM org.apache.catalina.startup.Catalina start
INFO: Server startup in 1522 ms
Nov 22, 2020 2:43:15 PM org.apache.coyote.AbstractProtocol pause
INFO: Pausing ProtocolHandler ["http-bio-8181"]
Nov 22, 2020 2:43:26 PM org.apache.catalina.core.StandardService stopInternal
INFO: Stopping service [Catalina]
Nov 22, 2020 2:43:37 PM org.apache.coyote.AbstractProtocol stop
INFO: Stopping ProtocolHandler ["http-bio-8181"]
Nov 22, 2020 2:43:37 PM org.apache.coyote.AbstractProtocol destroy
INFO: Destroying ProtocolHandler ["http-bio-8181"]
