Nov 19, 2020 9:08:55 AM org.apache.catalina.startup.VersionLoggerListener log
INFO: Server version name:   Apache Tomcat/7.0.106
Nov 19, 2020 9:08:55 AM org.apache.catalina.startup.VersionLoggerListener log
INFO: Server built:          Sep 16 2020 08:33:41 UTC
Nov 19, 2020 9:08:55 AM org.apache.catalina.startup.VersionLoggerListener log
INFO: Server version number: 7.0.106.0
Nov 19, 2020 9:08:55 AM org.apache.catalina.startup.VersionLoggerListener log
INFO: OS Name:               Linux
Nov 19, 2020 9:08:55 AM org.apache.catalina.startup.VersionLoggerListener log
INFO: OS Version:            5.4.0-1029-aws
Nov 19, 2020 9:08:55 AM org.apache.catalina.startup.VersionLoggerListener log
INFO: Architecture:          amd64
Nov 19, 2020 9:08:55 AM org.apache.catalina.startup.VersionLoggerListener log
INFO: Java Home:             /usr/lib/jvm/java-8-openjdk-amd64/jre
Nov 19, 2020 9:08:55 AM org.apache.catalina.startup.VersionLoggerListener log
INFO: JVM Version:           1.8.0_275-8u275-b01-0ubuntu1~18.04-b01
Nov 19, 2020 9:08:55 AM org.apache.catalina.startup.VersionLoggerListener log
INFO: JVM Vendor:            Private Build
Nov 19, 2020 9:08:55 AM org.apache.catalina.startup.VersionLoggerListener log
INFO: CATALINA_BASE:         /home/apache-tomcat-7.0.106
Nov 19, 2020 9:08:55 AM org.apache.catalina.startup.VersionLoggerListener log
INFO: CATALINA_HOME:         /home/apache-tomcat-7.0.106
Nov 19, 2020 9:08:55 AM org.apache.catalina.startup.VersionLoggerListener log
INFO: Command line argument: -Djava.util.logging.config.file=/home/apache-tomcat-7.0.106/conf/logging.properties
Nov 19, 2020 9:08:55 AM org.apache.catalina.startup.VersionLoggerListener log
INFO: Command line argument: -Djava.util.logging.manager=org.apache.juli.ClassLoaderLogManager
Nov 19, 2020 9:08:55 AM org.apache.catalina.startup.VersionLoggerListener log
INFO: Command line argument: -Djdk.tls.ephemeralDHKeySize=2048
Nov 19, 2020 9:08:55 AM org.apache.catalina.startup.VersionLoggerListener log
INFO: Command line argument: -Dorg.apache.catalina.security.SecurityListener.UMASK=0027
Nov 19, 2020 9:08:55 AM org.apache.catalina.startup.VersionLoggerListener log
INFO: Command line argument: -Dignore.endorsed.dirs=
Nov 19, 2020 9:08:55 AM org.apache.catalina.startup.VersionLoggerListener log
INFO: Command line argument: -Dcatalina.base=/home/apache-tomcat-7.0.106
Nov 19, 2020 9:08:55 AM org.apache.catalina.startup.VersionLoggerListener log
INFO: Command line argument: -Dcatalina.home=/home/apache-tomcat-7.0.106
Nov 19, 2020 9:08:55 AM org.apache.catalina.startup.VersionLoggerListener log
INFO: Command line argument: -Djava.io.tmpdir=/home/apache-tomcat-7.0.106/temp
Nov 19, 2020 9:08:55 AM org.apache.catalina.core.AprLifecycleListener lifecycleEvent
INFO: The Apache Tomcat Native library which allows using OpenSSL was not found on the java.library.path: [/usr/java/packages/lib/amd64:/usr/lib/x86_64-linux-gnu/jni:/lib/x86_64-linux-gnu:/usr/lib/x86_64-linux-gnu:/usr/lib/jni:/lib:/usr/lib]
Nov 19, 2020 9:08:55 AM org.apache.coyote.AbstractProtocol init
INFO: Initializing ProtocolHandler ["http-bio-8181"]
Nov 19, 2020 9:08:55 AM org.apache.catalina.startup.Catalina load
INFO: Initialization processed in 1730 ms
Nov 19, 2020 9:08:55 AM org.apache.catalina.core.StandardService startInternal
INFO: Starting service [Catalina]
Nov 19, 2020 9:08:55 AM org.apache.catalina.core.StandardEngine startInternal
INFO: Starting Servlet Engine: Apache Tomcat/7.0.106
Nov 19, 2020 9:08:55 AM org.apache.catalina.startup.HostConfig deployDirectory
INFO: Deploying web application directory [/home/apache-tomcat-7.0.106/webapps/ROOT]
Nov 19, 2020 9:08:56 AM org.apache.catalina.startup.HostConfig deployDirectory
INFO: Deployment of web application directory [/home/apache-tomcat-7.0.106/webapps/ROOT] has finished in [627] ms
Nov 19, 2020 9:08:56 AM org.apache.catalina.startup.HostConfig deployDirectory
INFO: Deploying web application directory [/home/apache-tomcat-7.0.106/webapps/docs]
Nov 19, 2020 9:08:56 AM org.apache.catalina.startup.HostConfig deployDirectory
INFO: Deployment of web application directory [/home/apache-tomcat-7.0.106/webapps/docs] has finished in [101] ms
Nov 19, 2020 9:08:56 AM org.apache.catalina.startup.HostConfig deployDirectory
INFO: Deploying web application directory [/home/apache-tomcat-7.0.106/webapps/host-manager]
Nov 19, 2020 9:08:56 AM org.apache.catalina.startup.HostConfig deployDirectory
INFO: Deployment of web application directory [/home/apache-tomcat-7.0.106/webapps/host-manager] has finished in [162] ms
Nov 19, 2020 9:08:56 AM org.apache.catalina.startup.HostConfig deployDirectory
INFO: Deploying web application directory [/home/apache-tomcat-7.0.106/webapps/examples]
Nov 19, 2020 9:08:57 AM org.apache.catalina.startup.HostConfig deployDirectory
INFO: Deployment of web application directory [/home/apache-tomcat-7.0.106/webapps/examples] has finished in [439] ms
Nov 19, 2020 9:08:57 AM org.apache.catalina.startup.HostConfig deployDirectory
INFO: Deploying web application directory [/home/apache-tomcat-7.0.106/webapps/manager]
Nov 19, 2020 9:08:57 AM org.apache.catalina.startup.HostConfig deployDirectory
INFO: Deployment of web application directory [/home/apache-tomcat-7.0.106/webapps/manager] has finished in [92] ms
Nov 19, 2020 9:08:57 AM org.apache.coyote.AbstractProtocol start
INFO: Starting ProtocolHandler ["http-bio-8181"]
Nov 19, 2020 9:08:57 AM org.apache.catalina.startup.Catalina start
INFO: Server startup in 1571 ms
Nov 19, 2020 9:41:39 AM org.apache.coyote.AbstractProtocol pause
INFO: Pausing ProtocolHandler ["http-bio-8181"]
Nov 19, 2020 9:41:39 AM org.apache.catalina.core.StandardService stopInternal
INFO: Stopping service [Catalina]
Nov 19, 2020 9:41:39 AM org.apache.coyote.AbstractProtocol stop
INFO: Stopping ProtocolHandler ["http-bio-8181"]
Nov 19, 2020 9:41:39 AM org.apache.coyote.AbstractProtocol destroy
INFO: Destroying ProtocolHandler ["http-bio-8181"]
Nov 19, 2020 11:55:47 AM org.apache.catalina.startup.VersionLoggerListener log
INFO: Server version name:   Apache Tomcat/7.0.106
Nov 19, 2020 11:55:47 AM org.apache.catalina.startup.VersionLoggerListener log
INFO: Server built:          Sep 16 2020 08:33:41 UTC
Nov 19, 2020 11:55:47 AM org.apache.catalina.startup.VersionLoggerListener log
INFO: Server version number: 7.0.106.0
Nov 19, 2020 11:55:47 AM org.apache.catalina.startup.VersionLoggerListener log
INFO: OS Name:               Linux
Nov 19, 2020 11:55:47 AM org.apache.catalina.startup.VersionLoggerListener log
INFO: OS Version:            5.4.0-1029-aws
Nov 19, 2020 11:55:47 AM org.apache.catalina.startup.VersionLoggerListener log
INFO: Architecture:          amd64
Nov 19, 2020 11:55:47 AM org.apache.catalina.startup.VersionLoggerListener log
INFO: Java Home:             /usr/lib/jvm/java-8-openjdk-amd64/jre
Nov 19, 2020 11:55:47 AM org.apache.catalina.startup.VersionLoggerListener log
INFO: JVM Version:           1.8.0_275-8u275-b01-0ubuntu1~18.04-b01
Nov 19, 2020 11:55:47 AM org.apache.catalina.startup.VersionLoggerListener log
INFO: JVM Vendor:            Private Build
Nov 19, 2020 11:55:47 AM org.apache.catalina.startup.VersionLoggerListener log
INFO: CATALINA_BASE:         /home/apache-tomcat-7.0.106
Nov 19, 2020 11:55:47 AM org.apache.catalina.startup.VersionLoggerListener log
INFO: CATALINA_HOME:         /home/apache-tomcat-7.0.106
Nov 19, 2020 11:55:47 AM org.apache.catalina.startup.VersionLoggerListener log
INFO: Command line argument: -Djava.util.logging.config.file=/home/apache-tomcat-7.0.106/conf/logging.properties
Nov 19, 2020 11:55:47 AM org.apache.catalina.startup.VersionLoggerListener log
INFO: Command line argument: -Djava.util.logging.manager=org.apache.juli.ClassLoaderLogManager
Nov 19, 2020 11:55:47 AM org.apache.catalina.startup.VersionLoggerListener log
INFO: Command line argument: -Djdk.tls.ephemeralDHKeySize=2048
Nov 19, 2020 11:55:47 AM org.apache.catalina.startup.VersionLoggerListener log
INFO: Command line argument: -Dorg.apache.catalina.security.SecurityListener.UMASK=0027
Nov 19, 2020 11:55:47 AM org.apache.catalina.startup.VersionLoggerListener log
INFO: Command line argument: -Dignore.endorsed.dirs=
Nov 19, 2020 11:55:47 AM org.apache.catalina.startup.VersionLoggerListener log
INFO: Command line argument: -Dcatalina.base=/home/apache-tomcat-7.0.106
Nov 19, 2020 11:55:47 AM org.apache.catalina.startup.VersionLoggerListener log
INFO: Command line argument: -Dcatalina.home=/home/apache-tomcat-7.0.106
Nov 19, 2020 11:55:47 AM org.apache.catalina.startup.VersionLoggerListener log
INFO: Command line argument: -Djava.io.tmpdir=/home/apache-tomcat-7.0.106/temp
Nov 19, 2020 11:55:47 AM org.apache.catalina.core.AprLifecycleListener lifecycleEvent
INFO: The Apache Tomcat Native library which allows using OpenSSL was not found on the java.library.path: [/usr/java/packages/lib/amd64:/usr/lib/x86_64-linux-gnu/jni:/lib/x86_64-linux-gnu:/usr/lib/x86_64-linux-gnu:/usr/lib/jni:/lib:/usr/lib]
Nov 19, 2020 11:55:47 AM org.apache.coyote.AbstractProtocol init
INFO: Initializing ProtocolHandler ["http-bio-8181"]
Nov 19, 2020 11:55:47 AM org.apache.catalina.startup.Catalina load
INFO: Initialization processed in 1959 ms
Nov 19, 2020 11:55:47 AM org.apache.catalina.core.StandardService startInternal
INFO: Starting service [Catalina]
Nov 19, 2020 11:55:47 AM org.apache.catalina.core.StandardEngine startInternal
INFO: Starting Servlet Engine: Apache Tomcat/7.0.106
Nov 19, 2020 11:55:47 AM org.apache.catalina.startup.HostConfig deployDirectory
INFO: Deploying web application directory [/home/apache-tomcat-7.0.106/webapps/ROOT]
Nov 19, 2020 11:55:48 AM org.apache.catalina.startup.HostConfig deployDirectory
INFO: Deployment of web application directory [/home/apache-tomcat-7.0.106/webapps/ROOT] has finished in [597] ms
Nov 19, 2020 11:55:48 AM org.apache.catalina.startup.HostConfig deployDirectory
INFO: Deploying web application directory [/home/apache-tomcat-7.0.106/webapps/docs]
Nov 19, 2020 11:55:48 AM org.apache.catalina.startup.HostConfig deployDirectory
INFO: Deployment of web application directory [/home/apache-tomcat-7.0.106/webapps/docs] has finished in [92] ms
Nov 19, 2020 11:55:48 AM org.apache.catalina.startup.HostConfig deployDirectory
INFO: Deploying web application directory [/home/apache-tomcat-7.0.106/webapps/host-manager]
Nov 19, 2020 11:55:48 AM org.apache.catalina.startup.HostConfig deployDirectory
INFO: Deployment of web application directory [/home/apache-tomcat-7.0.106/webapps/host-manager] has finished in [108] ms
Nov 19, 2020 11:55:48 AM org.apache.catalina.startup.HostConfig deployDirectory
INFO: Deploying web application directory [/home/apache-tomcat-7.0.106/webapps/examples]
Nov 19, 2020 11:55:48 AM org.apache.catalina.startup.HostConfig deployDirectory
INFO: Deployment of web application directory [/home/apache-tomcat-7.0.106/webapps/examples] has finished in [438] ms
Nov 19, 2020 11:55:48 AM org.apache.catalina.startup.HostConfig deployDirectory
INFO: Deploying web application directory [/home/apache-tomcat-7.0.106/webapps/manager]
Nov 19, 2020 11:55:49 AM org.apache.catalina.startup.HostConfig deployDirectory
INFO: Deployment of web application directory [/home/apache-tomcat-7.0.106/webapps/manager] has finished in [83] ms
Nov 19, 2020 11:55:49 AM org.apache.coyote.AbstractProtocol start
INFO: Starting ProtocolHandler ["http-bio-8181"]
Nov 19, 2020 11:55:49 AM org.apache.catalina.startup.Catalina start
INFO: Server startup in 1455 ms
Nov 19, 2020 12:21:58 PM org.apache.catalina.core.StandardServer await
INFO: A valid shutdown command was received via the shutdown port. Stopping the Server instance.
Nov 19, 2020 12:21:58 PM org.apache.coyote.AbstractProtocol pause
INFO: Pausing ProtocolHandler ["http-bio-8181"]
Nov 19, 2020 12:21:58 PM org.apache.catalina.core.StandardService stopInternal
INFO: Stopping service [Catalina]
Nov 19, 2020 12:21:59 PM org.apache.coyote.AbstractProtocol stop
INFO: Stopping ProtocolHandler ["http-bio-8181"]
Nov 19, 2020 12:21:59 PM org.apache.coyote.AbstractProtocol destroy
INFO: Destroying ProtocolHandler ["http-bio-8181"]
Nov 19, 2020 12:22:51 PM org.apache.catalina.startup.VersionLoggerListener log
INFO: Server version name:   Apache Tomcat/7.0.106
Nov 19, 2020 12:22:51 PM org.apache.catalina.startup.VersionLoggerListener log
INFO: Server built:          Sep 16 2020 08:33:41 UTC
Nov 19, 2020 12:22:51 PM org.apache.catalina.startup.VersionLoggerListener log
INFO: Server version number: 7.0.106.0
Nov 19, 2020 12:22:51 PM org.apache.catalina.startup.VersionLoggerListener log
INFO: OS Name:               Linux
Nov 19, 2020 12:22:51 PM org.apache.catalina.startup.VersionLoggerListener log
INFO: OS Version:            5.4.0-1029-aws
Nov 19, 2020 12:22:51 PM org.apache.catalina.startup.VersionLoggerListener log
INFO: Architecture:          amd64
Nov 19, 2020 12:22:51 PM org.apache.catalina.startup.VersionLoggerListener log
INFO: Java Home:             /usr/lib/jvm/java-8-openjdk-amd64/jre
Nov 19, 2020 12:22:51 PM org.apache.catalina.startup.VersionLoggerListener log
INFO: JVM Version:           1.8.0_275-8u275-b01-0ubuntu1~18.04-b01
Nov 19, 2020 12:22:51 PM org.apache.catalina.startup.VersionLoggerListener log
INFO: JVM Vendor:            Private Build
Nov 19, 2020 12:22:51 PM org.apache.catalina.startup.VersionLoggerListener log
INFO: CATALINA_BASE:         /home/apache-tomcat-7.0.106
Nov 19, 2020 12:22:51 PM org.apache.catalina.startup.VersionLoggerListener log
INFO: CATALINA_HOME:         /home/apache-tomcat-7.0.106
Nov 19, 2020 12:22:51 PM org.apache.catalina.startup.VersionLoggerListener log
INFO: Command line argument: -Djava.util.logging.config.file=/home/apache-tomcat-7.0.106/conf/logging.properties
Nov 19, 2020 12:22:51 PM org.apache.catalina.startup.VersionLoggerListener log
INFO: Command line argument: -Djava.util.logging.manager=org.apache.juli.ClassLoaderLogManager
Nov 19, 2020 12:22:51 PM org.apache.catalina.startup.VersionLoggerListener log
INFO: Command line argument: -Djdk.tls.ephemeralDHKeySize=2048
Nov 19, 2020 12:22:51 PM org.apache.catalina.startup.VersionLoggerListener log
INFO: Command line argument: -Dorg.apache.catalina.security.SecurityListener.UMASK=0027
Nov 19, 2020 12:22:51 PM org.apache.catalina.startup.VersionLoggerListener log
INFO: Command line argument: -Dignore.endorsed.dirs=
Nov 19, 2020 12:22:51 PM org.apache.catalina.startup.VersionLoggerListener log
INFO: Command line argument: -Dcatalina.base=/home/apache-tomcat-7.0.106
Nov 19, 2020 12:22:51 PM org.apache.catalina.startup.VersionLoggerListener log
INFO: Command line argument: -Dcatalina.home=/home/apache-tomcat-7.0.106
Nov 19, 2020 12:22:51 PM org.apache.catalina.startup.VersionLoggerListener log
INFO: Command line argument: -Djava.io.tmpdir=/home/apache-tomcat-7.0.106/temp
Nov 19, 2020 12:22:51 PM org.apache.catalina.core.AprLifecycleListener lifecycleEvent
INFO: The Apache Tomcat Native library which allows using OpenSSL was not found on the java.library.path: [/usr/java/packages/lib/amd64:/usr/lib/x86_64-linux-gnu/jni:/lib/x86_64-linux-gnu:/usr/lib/x86_64-linux-gnu:/usr/lib/jni:/lib:/usr/lib]
Nov 19, 2020 12:22:51 PM org.apache.coyote.AbstractProtocol init
INFO: Initializing ProtocolHandler ["http-bio-8181"]
Nov 19, 2020 12:22:51 PM org.apache.catalina.startup.Catalina load
INFO: Initialization processed in 1198 ms
Nov 19, 2020 12:22:51 PM org.apache.catalina.core.StandardService startInternal
INFO: Starting service [Catalina]
Nov 19, 2020 12:22:51 PM org.apache.catalina.core.StandardEngine startInternal
INFO: Starting Servlet Engine: Apache Tomcat/7.0.106
Nov 19, 2020 12:22:51 PM org.apache.catalina.startup.HostConfig deployDirectory
INFO: Deploying web application directory [/home/apache-tomcat-7.0.106/webapps/ROOT]
Nov 19, 2020 12:22:52 PM org.apache.catalina.startup.HostConfig deployDirectory
INFO: Deployment of web application directory [/home/apache-tomcat-7.0.106/webapps/ROOT] has finished in [532] ms
Nov 19, 2020 12:22:52 PM org.apache.catalina.startup.HostConfig deployDirectory
INFO: Deploying web application directory [/home/apache-tomcat-7.0.106/webapps/docs]
Nov 19, 2020 12:22:52 PM org.apache.catalina.startup.HostConfig deployDirectory
INFO: Deployment of web application directory [/home/apache-tomcat-7.0.106/webapps/docs] has finished in [101] ms
Nov 19, 2020 12:22:52 PM org.apache.catalina.startup.HostConfig deployDirectory
INFO: Deploying web application directory [/home/apache-tomcat-7.0.106/webapps/host-manager]
Nov 19, 2020 12:22:52 PM org.apache.catalina.startup.HostConfig deployDirectory
INFO: Deployment of web application directory [/home/apache-tomcat-7.0.106/webapps/host-manager] has finished in [161] ms
Nov 19, 2020 12:22:52 PM org.apache.catalina.startup.HostConfig deployDirectory
INFO: Deploying web application directory [/home/apache-tomcat-7.0.106/webapps/examples]
Nov 19, 2020 12:22:52 PM org.apache.catalina.startup.HostConfig deployDirectory
INFO: Deployment of web application directory [/home/apache-tomcat-7.0.106/webapps/examples] has finished in [367] ms
Nov 19, 2020 12:22:52 PM org.apache.catalina.startup.HostConfig deployDirectory
INFO: Deploying web application directory [/home/apache-tomcat-7.0.106/webapps/manager]
Nov 19, 2020 12:22:52 PM org.apache.catalina.startup.HostConfig deployDirectory
INFO: Deployment of web application directory [/home/apache-tomcat-7.0.106/webapps/manager] has finished in [85] ms
Nov 19, 2020 12:22:52 PM org.apache.coyote.AbstractProtocol start
INFO: Starting ProtocolHandler ["http-bio-8181"]
Nov 19, 2020 12:22:52 PM org.apache.catalina.startup.Catalina start
INFO: Server startup in 1371 ms
Nov 19, 2020 12:31:09 PM org.apache.catalina.core.StandardServer await
INFO: A valid shutdown command was received via the shutdown port. Stopping the Server instance.
Nov 19, 2020 12:31:09 PM org.apache.coyote.AbstractProtocol pause
INFO: Pausing ProtocolHandler ["http-bio-8181"]
Nov 19, 2020 12:31:09 PM org.apache.catalina.core.StandardService stopInternal
INFO: Stopping service [Catalina]
Nov 19, 2020 12:31:09 PM org.apache.coyote.AbstractProtocol stop
INFO: Stopping ProtocolHandler ["http-bio-8181"]
Nov 19, 2020 12:31:09 PM org.apache.coyote.AbstractProtocol destroy
INFO: Destroying ProtocolHandler ["http-bio-8181"]
Nov 19, 2020 12:31:21 PM org.apache.catalina.startup.VersionLoggerListener log
INFO: Server version name:   Apache Tomcat/7.0.106
Nov 19, 2020 12:31:21 PM org.apache.catalina.startup.VersionLoggerListener log
INFO: Server built:          Sep 16 2020 08:33:41 UTC
Nov 19, 2020 12:31:21 PM org.apache.catalina.startup.VersionLoggerListener log
INFO: Server version number: 7.0.106.0
Nov 19, 2020 12:31:21 PM org.apache.catalina.startup.VersionLoggerListener log
INFO: OS Name:               Linux
Nov 19, 2020 12:31:21 PM org.apache.catalina.startup.VersionLoggerListener log
INFO: OS Version:            5.4.0-1029-aws
Nov 19, 2020 12:31:21 PM org.apache.catalina.startup.VersionLoggerListener log
INFO: Architecture:          amd64
Nov 19, 2020 12:31:21 PM org.apache.catalina.startup.VersionLoggerListener log
INFO: Java Home:             /usr/lib/jvm/java-8-openjdk-amd64/jre
Nov 19, 2020 12:31:21 PM org.apache.catalina.startup.VersionLoggerListener log
INFO: JVM Version:           1.8.0_275-8u275-b01-0ubuntu1~18.04-b01
Nov 19, 2020 12:31:21 PM org.apache.catalina.startup.VersionLoggerListener log
INFO: JVM Vendor:            Private Build
Nov 19, 2020 12:31:21 PM org.apache.catalina.startup.VersionLoggerListener log
INFO: CATALINA_BASE:         /home/apache-tomcat-7.0.106
Nov 19, 2020 12:31:21 PM org.apache.catalina.startup.VersionLoggerListener log
INFO: CATALINA_HOME:         /home/apache-tomcat-7.0.106
Nov 19, 2020 12:31:21 PM org.apache.catalina.startup.VersionLoggerListener log
INFO: Command line argument: -Djava.util.logging.config.file=/home/apache-tomcat-7.0.106/conf/logging.properties
Nov 19, 2020 12:31:21 PM org.apache.catalina.startup.VersionLoggerListener log
INFO: Command line argument: -Djava.util.logging.manager=org.apache.juli.ClassLoaderLogManager
Nov 19, 2020 12:31:21 PM org.apache.catalina.startup.VersionLoggerListener log
INFO: Command line argument: -Djdk.tls.ephemeralDHKeySize=2048
Nov 19, 2020 12:31:21 PM org.apache.catalina.startup.VersionLoggerListener log
INFO: Command line argument: -Dorg.apache.catalina.security.SecurityListener.UMASK=0027
Nov 19, 2020 12:31:21 PM org.apache.catalina.startup.VersionLoggerListener log
INFO: Command line argument: -Dignore.endorsed.dirs=
Nov 19, 2020 12:31:21 PM org.apache.catalina.startup.VersionLoggerListener log
INFO: Command line argument: -Dcatalina.base=/home/apache-tomcat-7.0.106
Nov 19, 2020 12:31:21 PM org.apache.catalina.startup.VersionLoggerListener log
INFO: Command line argument: -Dcatalina.home=/home/apache-tomcat-7.0.106
Nov 19, 2020 12:31:21 PM org.apache.catalina.startup.VersionLoggerListener log
INFO: Command line argument: -Djava.io.tmpdir=/home/apache-tomcat-7.0.106/temp
Nov 19, 2020 12:31:21 PM org.apache.catalina.core.AprLifecycleListener lifecycleEvent
INFO: The Apache Tomcat Native library which allows using OpenSSL was not found on the java.library.path: [/usr/java/packages/lib/amd64:/usr/lib/x86_64-linux-gnu/jni:/lib/x86_64-linux-gnu:/usr/lib/x86_64-linux-gnu:/usr/lib/jni:/lib:/usr/lib]
Nov 19, 2020 12:31:21 PM org.apache.coyote.AbstractProtocol init
INFO: Initializing ProtocolHandler ["http-bio-8181"]
Nov 19, 2020 12:31:21 PM org.apache.catalina.startup.Catalina load
INFO: Initialization processed in 1536 ms
Nov 19, 2020 12:31:21 PM org.apache.catalina.core.StandardService startInternal
INFO: Starting service [Catalina]
Nov 19, 2020 12:31:21 PM org.apache.catalina.core.StandardEngine startInternal
INFO: Starting Servlet Engine: Apache Tomcat/7.0.106
Nov 19, 2020 12:31:21 PM org.apache.catalina.startup.HostConfig deployDirectory
INFO: Deploying web application directory [/home/apache-tomcat-7.0.106/webapps/ROOT]
Nov 19, 2020 12:31:22 PM org.apache.catalina.startup.HostConfig deployDirectory
INFO: Deployment of web application directory [/home/apache-tomcat-7.0.106/webapps/ROOT] has finished in [587] ms
Nov 19, 2020 12:31:22 PM org.apache.catalina.startup.HostConfig deployDirectory
INFO: Deploying web application directory [/home/apache-tomcat-7.0.106/webapps/docs]
Nov 19, 2020 12:31:22 PM org.apache.catalina.startup.HostConfig deployDirectory
INFO: Deployment of web application directory [/home/apache-tomcat-7.0.106/webapps/docs] has finished in [99] ms
Nov 19, 2020 12:31:22 PM org.apache.catalina.startup.HostConfig deployDirectory
INFO: Deploying web application directory [/home/apache-tomcat-7.0.106/webapps/host-manager]
Nov 19, 2020 12:31:22 PM org.apache.catalina.startup.HostConfig deployDirectory
INFO: Deployment of web application directory [/home/apache-tomcat-7.0.106/webapps/host-manager] has finished in [145] ms
Nov 19, 2020 12:31:22 PM org.apache.catalina.startup.HostConfig deployDirectory
INFO: Deploying web application directory [/home/apache-tomcat-7.0.106/webapps/examples]
Nov 19, 2020 12:31:23 PM org.apache.catalina.startup.HostConfig deployDirectory
INFO: Deployment of web application directory [/home/apache-tomcat-7.0.106/webapps/examples] has finished in [395] ms
Nov 19, 2020 12:31:23 PM org.apache.catalina.startup.HostConfig deployDirectory
INFO: Deploying web application directory [/home/apache-tomcat-7.0.106/webapps/manager]
Nov 19, 2020 12:31:23 PM org.apache.catalina.startup.HostConfig deployDirectory
INFO: Deployment of web application directory [/home/apache-tomcat-7.0.106/webapps/manager] has finished in [136] ms
Nov 19, 2020 12:31:23 PM org.apache.coyote.AbstractProtocol start
INFO: Starting ProtocolHandler ["http-bio-8181"]
Nov 19, 2020 12:31:23 PM org.apache.catalina.startup.Catalina start
INFO: Server startup in 1504 ms
Nov 19, 2020 12:35:56 PM org.apache.catalina.startup.VersionLoggerListener log
INFO: Server version name:   Apache Tomcat/7.0.106
Nov 19, 2020 12:35:56 PM org.apache.catalina.startup.VersionLoggerListener log
INFO: Server built:          Sep 16 2020 08:33:41 UTC
Nov 19, 2020 12:35:56 PM org.apache.catalina.startup.VersionLoggerListener log
INFO: Server version number: 7.0.106.0
Nov 19, 2020 12:35:56 PM org.apache.catalina.startup.VersionLoggerListener log
INFO: OS Name:               Linux
Nov 19, 2020 12:35:56 PM org.apache.catalina.startup.VersionLoggerListener log
INFO: OS Version:            5.4.0-1029-aws
Nov 19, 2020 12:35:56 PM org.apache.catalina.startup.VersionLoggerListener log
INFO: Architecture:          amd64
Nov 19, 2020 12:35:56 PM org.apache.catalina.startup.VersionLoggerListener log
INFO: Java Home:             /usr/lib/jvm/java-8-openjdk-amd64/jre
Nov 19, 2020 12:35:56 PM org.apache.catalina.startup.VersionLoggerListener log
INFO: JVM Version:           1.8.0_275-8u275-b01-0ubuntu1~18.04-b01
Nov 19, 2020 12:35:56 PM org.apache.catalina.startup.VersionLoggerListener log
INFO: JVM Vendor:            Private Build
Nov 19, 2020 12:35:56 PM org.apache.catalina.startup.VersionLoggerListener log
INFO: CATALINA_BASE:         /home/apache-tomcat-7.0.106
Nov 19, 2020 12:35:56 PM org.apache.catalina.startup.VersionLoggerListener log
INFO: CATALINA_HOME:         /home/apache-tomcat-7.0.106
Nov 19, 2020 12:35:56 PM org.apache.catalina.startup.VersionLoggerListener log
INFO: Command line argument: -Djava.util.logging.config.file=/home/apache-tomcat-7.0.106/conf/logging.properties
Nov 19, 2020 12:35:56 PM org.apache.catalina.startup.VersionLoggerListener log
INFO: Command line argument: -Djava.util.logging.manager=org.apache.juli.ClassLoaderLogManager
Nov 19, 2020 12:35:56 PM org.apache.catalina.startup.VersionLoggerListener log
INFO: Command line argument: -Djdk.tls.ephemeralDHKeySize=2048
Nov 19, 2020 12:35:56 PM org.apache.catalina.startup.VersionLoggerListener log
INFO: Command line argument: -Dorg.apache.catalina.security.SecurityListener.UMASK=0027
Nov 19, 2020 12:35:56 PM org.apache.catalina.startup.VersionLoggerListener log
INFO: Command line argument: -Dignore.endorsed.dirs=
Nov 19, 2020 12:35:56 PM org.apache.catalina.startup.VersionLoggerListener log
INFO: Command line argument: -Dcatalina.base=/home/apache-tomcat-7.0.106
Nov 19, 2020 12:35:56 PM org.apache.catalina.startup.VersionLoggerListener log
INFO: Command line argument: -Dcatalina.home=/home/apache-tomcat-7.0.106
Nov 19, 2020 12:35:56 PM org.apache.catalina.startup.VersionLoggerListener log
INFO: Command line argument: -Djava.io.tmpdir=/home/apache-tomcat-7.0.106/temp
Nov 19, 2020 12:35:56 PM org.apache.catalina.core.AprLifecycleListener lifecycleEvent
INFO: The Apache Tomcat Native library which allows using OpenSSL was not found on the java.library.path: [/usr/java/packages/lib/amd64:/usr/lib/x86_64-linux-gnu/jni:/lib/x86_64-linux-gnu:/usr/lib/x86_64-linux-gnu:/usr/lib/jni:/lib:/usr/lib]
Nov 19, 2020 12:35:56 PM org.apache.coyote.AbstractProtocol init
INFO: Initializing ProtocolHandler ["http-bio-8181"]
Nov 19, 2020 12:35:56 PM org.apache.coyote.AbstractProtocol init
SEVERE: Failed to initialize end point associated with ProtocolHandler ["http-bio-8181"]
java.net.BindException: Address already in use (Bind failed) <null>:8181
	at org.apache.tomcat.util.net.JIoEndpoint.bind(JIoEndpoint.java:414)
	at org.apache.tomcat.util.net.AbstractEndpoint.init(AbstractEndpoint.java:750)
	at org.apache.coyote.AbstractProtocol.init(AbstractProtocol.java:467)
	at org.apache.coyote.http11.AbstractHttp11JsseProtocol.init(AbstractHttp11JsseProtocol.java:119)
	at org.apache.catalina.connector.Connector.initInternal(Connector.java:1030)
	at org.apache.catalina.util.LifecycleBase.init(LifecycleBase.java:136)
	at org.apache.catalina.core.StandardService.initInternal(StandardService.java:560)
	at org.apache.catalina.util.LifecycleBase.init(LifecycleBase.java:136)
	at org.apache.catalina.core.StandardServer.initInternal(StandardServer.java:826)
	at org.apache.catalina.util.LifecycleBase.init(LifecycleBase.java:136)
	at org.apache.catalina.startup.Catalina.load(Catalina.java:663)
	at org.apache.catalina.startup.Catalina.load(Catalina.java:686)
	at sun.reflect.NativeMethodAccessorImpl.invoke0(Native Method)
	at sun.reflect.NativeMethodAccessorImpl.invoke(NativeMethodAccessorImpl.java:62)
	at sun.reflect.DelegatingMethodAccessorImpl.invoke(DelegatingMethodAccessorImpl.java:43)
	at java.lang.reflect.Method.invoke(Method.java:498)
	at org.apache.catalina.startup.Bootstrap.load(Bootstrap.java:244)
	at org.apache.catalina.startup.Bootstrap.main(Bootstrap.java:414)
Caused by: java.net.BindException: Address already in use (Bind failed)
	at java.net.PlainSocketImpl.socketBind(Native Method)
	at java.net.AbstractPlainSocketImpl.bind(AbstractPlainSocketImpl.java:387)
	at java.net.ServerSocket.bind(ServerSocket.java:390)
	at java.net.ServerSocket.<init>(ServerSocket.java:252)
	at java.net.ServerSocket.<init>(ServerSocket.java:196)
	at org.apache.tomcat.util.net.DefaultServerSocketFactory.createSocket(DefaultServerSocketFactory.java:49)
	at org.apache.tomcat.util.net.JIoEndpoint.bind(JIoEndpoint.java:401)
	... 17 more

Nov 19, 2020 12:35:56 PM org.apache.catalina.core.StandardService initInternal
SEVERE: Failed to initialize connector [Connector[HTTP/1.1-8181]]
org.apache.catalina.LifecycleException: Protocol handler initialization failed
	at org.apache.catalina.connector.Connector.initInternal(Connector.java:1032)
	at org.apache.catalina.util.LifecycleBase.init(LifecycleBase.java:136)
	at org.apache.catalina.core.StandardService.initInternal(StandardService.java:560)
	at org.apache.catalina.util.LifecycleBase.init(LifecycleBase.java:136)
	at org.apache.catalina.core.StandardServer.initInternal(StandardServer.java:826)
	at org.apache.catalina.util.LifecycleBase.init(LifecycleBase.java:136)
	at org.apache.catalina.startup.Catalina.load(Catalina.java:663)
	at org.apache.catalina.startup.Catalina.load(Catalina.java:686)
	at sun.reflect.NativeMethodAccessorImpl.invoke0(Native Method)
	at sun.reflect.NativeMethodAccessorImpl.invoke(NativeMethodAccessorImpl.java:62)
	at sun.reflect.DelegatingMethodAccessorImpl.invoke(DelegatingMethodAccessorImpl.java:43)
	at java.lang.reflect.Method.invoke(Method.java:498)
	at org.apache.catalina.startup.Bootstrap.load(Bootstrap.java:244)
	at org.apache.catalina.startup.Bootstrap.main(Bootstrap.java:414)
Caused by: java.net.BindException: Address already in use (Bind failed) <null>:8181
	at org.apache.tomcat.util.net.JIoEndpoint.bind(JIoEndpoint.java:414)
	at org.apache.tomcat.util.net.AbstractEndpoint.init(AbstractEndpoint.java:750)
	at org.apache.coyote.AbstractProtocol.init(AbstractProtocol.java:467)
	at org.apache.coyote.http11.AbstractHttp11JsseProtocol.init(AbstractHttp11JsseProtocol.java:119)
	at org.apache.catalina.connector.Connector.initInternal(Connector.java:1030)
	... 13 more
Caused by: java.net.BindException: Address already in use (Bind failed)
	at java.net.PlainSocketImpl.socketBind(Native Method)
	at java.net.AbstractPlainSocketImpl.bind(AbstractPlainSocketImpl.java:387)
	at java.net.ServerSocket.bind(ServerSocket.java:390)
	at java.net.ServerSocket.<init>(ServerSocket.java:252)
	at java.net.ServerSocket.<init>(ServerSocket.java:196)
	at org.apache.tomcat.util.net.DefaultServerSocketFactory.createSocket(DefaultServerSocketFactory.java:49)
	at org.apache.tomcat.util.net.JIoEndpoint.bind(JIoEndpoint.java:401)
	... 17 more

Nov 19, 2020 12:35:56 PM org.apache.catalina.startup.Catalina load
INFO: Initialization processed in 1253 ms
Nov 19, 2020 12:35:56 PM org.apache.catalina.core.StandardService startInternal
INFO: Starting service [Catalina]
Nov 19, 2020 12:35:56 PM org.apache.catalina.core.StandardEngine startInternal
INFO: Starting Servlet Engine: Apache Tomcat/7.0.106
Nov 19, 2020 12:35:56 PM org.apache.catalina.startup.HostConfig deployDirectory
INFO: Deploying web application directory [/home/apache-tomcat-7.0.106/webapps/ROOT]
Nov 19, 2020 12:39:03 PM org.apache.catalina.util.SessionIdGeneratorBase createSecureRandom
WARNING: Creation of SecureRandom instance for session ID generation using [SHA1PRNG] took [186,647] milliseconds.
Nov 19, 2020 12:39:03 PM org.apache.catalina.startup.HostConfig deployDirectory
INFO: Deployment of web application directory [/home/apache-tomcat-7.0.106/webapps/ROOT] has finished in [187,195] ms
Nov 19, 2020 12:39:03 PM org.apache.catalina.startup.HostConfig deployDirectory
INFO: Deploying web application directory [/home/apache-tomcat-7.0.106/webapps/docs]
Nov 19, 2020 12:39:03 PM org.apache.catalina.startup.HostConfig deployDirectory
INFO: Deployment of web application directory [/home/apache-tomcat-7.0.106/webapps/docs] has finished in [103] ms
Nov 19, 2020 12:39:03 PM org.apache.catalina.startup.HostConfig deployDirectory
INFO: Deploying web application directory [/home/apache-tomcat-7.0.106/webapps/host-manager]
Nov 19, 2020 12:39:03 PM org.apache.catalina.startup.HostConfig deployDirectory
INFO: Deployment of web application directory [/home/apache-tomcat-7.0.106/webapps/host-manager] has finished in [121] ms
Nov 19, 2020 12:39:03 PM org.apache.catalina.startup.HostConfig deployDirectory
INFO: Deploying web application directory [/home/apache-tomcat-7.0.106/webapps/examples]
Nov 19, 2020 12:39:04 PM org.apache.catalina.startup.HostConfig deployDirectory
INFO: Deployment of web application directory [/home/apache-tomcat-7.0.106/webapps/examples] has finished in [422] ms
Nov 19, 2020 12:39:04 PM org.apache.catalina.startup.HostConfig deployDirectory
INFO: Deploying web application directory [/home/apache-tomcat-7.0.106/webapps/manager]
Nov 19, 2020 12:39:04 PM org.apache.catalina.startup.HostConfig deployDirectory
INFO: Deployment of web application directory [/home/apache-tomcat-7.0.106/webapps/manager] has finished in [93] ms
Nov 19, 2020 12:39:04 PM org.apache.catalina.startup.Catalina start
INFO: Server startup in 188031 ms
Nov 19, 2020 12:39:04 PM org.apache.catalina.core.StandardServer await
SEVERE: StandardServer.await: create[localhost:8005]: 
java.net.BindException: Address already in use (Bind failed)
	at java.net.PlainSocketImpl.socketBind(Native Method)
	at java.net.AbstractPlainSocketImpl.bind(AbstractPlainSocketImpl.java:387)
	at java.net.ServerSocket.bind(ServerSocket.java:390)
	at java.net.ServerSocket.<init>(ServerSocket.java:252)
	at org.apache.catalina.core.StandardServer.await(StandardServer.java:428)
	at org.apache.catalina.startup.Catalina.await(Catalina.java:800)
	at org.apache.catalina.startup.Catalina.start(Catalina.java:746)
	at sun.reflect.NativeMethodAccessorImpl.invoke0(Native Method)
	at sun.reflect.NativeMethodAccessorImpl.invoke(NativeMethodAccessorImpl.java:62)
	at sun.reflect.DelegatingMethodAccessorImpl.invoke(DelegatingMethodAccessorImpl.java:43)
	at java.lang.reflect.Method.invoke(Method.java:498)
	at org.apache.catalina.startup.Bootstrap.start(Bootstrap.java:284)
	at org.apache.catalina.startup.Bootstrap.main(Bootstrap.java:415)

Nov 19, 2020 12:39:04 PM org.apache.coyote.AbstractProtocol pause
INFO: Pausing ProtocolHandler ["http-bio-8181"]
Nov 19, 2020 12:39:04 PM org.apache.catalina.core.StandardService stopInternal
INFO: Stopping service [Catalina]
Nov 19, 2020 12:39:04 PM org.apache.coyote.AbstractProtocol stop
INFO: Stopping ProtocolHandler ["http-bio-8181"]
Nov 19, 2020 12:39:04 PM org.apache.coyote.AbstractProtocol destroy
INFO: Destroying ProtocolHandler ["http-bio-8181"]
Nov 19, 2020 12:42:53 PM org.apache.catalina.startup.HostConfig undeploy
INFO: Undeploying context [/manager]
Nov 19, 2020 12:42:53 PM org.apache.catalina.startup.HostConfig deployDirectory
INFO: Deploying web application directory [/home/apache-tomcat-7.0.106/webapps/manager]
Nov 19, 2020 12:42:53 PM org.apache.catalina.startup.HostConfig deployDirectory
INFO: Deployment of web application directory [/home/apache-tomcat-7.0.106/webapps/manager] has finished in [95] ms
Nov 19, 2020 12:43:28 PM org.apache.catalina.core.StandardServer await
INFO: A valid shutdown command was received via the shutdown port. Stopping the Server instance.
Nov 19, 2020 12:43:28 PM org.apache.coyote.AbstractProtocol pause
INFO: Pausing ProtocolHandler ["http-bio-8181"]
Nov 19, 2020 12:43:28 PM org.apache.catalina.core.StandardService stopInternal
INFO: Stopping service [Catalina]
Nov 19, 2020 12:43:28 PM org.apache.coyote.AbstractProtocol stop
INFO: Stopping ProtocolHandler ["http-bio-8181"]
Nov 19, 2020 12:43:28 PM org.apache.coyote.AbstractProtocol destroy
INFO: Destroying ProtocolHandler ["http-bio-8181"]
Nov 19, 2020 12:43:46 PM org.apache.catalina.startup.VersionLoggerListener log
INFO: Server version name:   Apache Tomcat/7.0.106
Nov 19, 2020 12:43:46 PM org.apache.catalina.startup.VersionLoggerListener log
INFO: Server built:          Sep 16 2020 08:33:41 UTC
Nov 19, 2020 12:43:46 PM org.apache.catalina.startup.VersionLoggerListener log
INFO: Server version number: 7.0.106.0
Nov 19, 2020 12:43:46 PM org.apache.catalina.startup.VersionLoggerListener log
INFO: OS Name:               Linux
Nov 19, 2020 12:43:46 PM org.apache.catalina.startup.VersionLoggerListener log
INFO: OS Version:            5.4.0-1029-aws
Nov 19, 2020 12:43:46 PM org.apache.catalina.startup.VersionLoggerListener log
INFO: Architecture:          amd64
Nov 19, 2020 12:43:46 PM org.apache.catalina.startup.VersionLoggerListener log
INFO: Java Home:             /usr/lib/jvm/java-8-openjdk-amd64/jre
Nov 19, 2020 12:43:46 PM org.apache.catalina.startup.VersionLoggerListener log
INFO: JVM Version:           1.8.0_275-8u275-b01-0ubuntu1~18.04-b01
Nov 19, 2020 12:43:46 PM org.apache.catalina.startup.VersionLoggerListener log
INFO: JVM Vendor:            Private Build
Nov 19, 2020 12:43:46 PM org.apache.catalina.startup.VersionLoggerListener log
INFO: CATALINA_BASE:         /home/apache-tomcat-7.0.106
Nov 19, 2020 12:43:46 PM org.apache.catalina.startup.VersionLoggerListener log
INFO: CATALINA_HOME:         /home/apache-tomcat-7.0.106
Nov 19, 2020 12:43:46 PM org.apache.catalina.startup.VersionLoggerListener log
INFO: Command line argument: -Djava.util.logging.config.file=/home/apache-tomcat-7.0.106/conf/logging.properties
Nov 19, 2020 12:43:46 PM org.apache.catalina.startup.VersionLoggerListener log
INFO: Command line argument: -Djava.util.logging.manager=org.apache.juli.ClassLoaderLogManager
Nov 19, 2020 12:43:46 PM org.apache.catalina.startup.VersionLoggerListener log
INFO: Command line argument: -Djdk.tls.ephemeralDHKeySize=2048
Nov 19, 2020 12:43:46 PM org.apache.catalina.startup.VersionLoggerListener log
INFO: Command line argument: -Dorg.apache.catalina.security.SecurityListener.UMASK=0027
Nov 19, 2020 12:43:46 PM org.apache.catalina.startup.VersionLoggerListener log
INFO: Command line argument: -Dignore.endorsed.dirs=
Nov 19, 2020 12:43:46 PM org.apache.catalina.startup.VersionLoggerListener log
INFO: Command line argument: -Dcatalina.base=/home/apache-tomcat-7.0.106
Nov 19, 2020 12:43:46 PM org.apache.catalina.startup.VersionLoggerListener log
INFO: Command line argument: -Dcatalina.home=/home/apache-tomcat-7.0.106
Nov 19, 2020 12:43:46 PM org.apache.catalina.startup.VersionLoggerListener log
INFO: Command line argument: -Djava.io.tmpdir=/home/apache-tomcat-7.0.106/temp
Nov 19, 2020 12:43:46 PM org.apache.catalina.core.AprLifecycleListener lifecycleEvent
INFO: The Apache Tomcat Native library which allows using OpenSSL was not found on the java.library.path: [/usr/java/packages/lib/amd64:/usr/lib/x86_64-linux-gnu/jni:/lib/x86_64-linux-gnu:/usr/lib/x86_64-linux-gnu:/usr/lib/jni:/lib:/usr/lib]
Nov 19, 2020 12:43:46 PM org.apache.coyote.AbstractProtocol init
INFO: Initializing ProtocolHandler ["http-bio-8181"]
Nov 19, 2020 12:43:46 PM org.apache.catalina.startup.Catalina load
INFO: Initialization processed in 1217 ms
Nov 19, 2020 12:43:46 PM org.apache.catalina.core.StandardService startInternal
INFO: Starting service [Catalina]
Nov 19, 2020 12:43:46 PM org.apache.catalina.core.StandardEngine startInternal
INFO: Starting Servlet Engine: Apache Tomcat/7.0.106
Nov 19, 2020 12:43:46 PM org.apache.catalina.startup.HostConfig deployDirectory
INFO: Deploying web application directory [/home/apache-tomcat-7.0.106/webapps/ROOT]
Nov 19, 2020 12:44:30 PM org.apache.catalina.util.SessionIdGeneratorBase createSecureRandom
WARNING: Creation of SecureRandom instance for session ID generation using [SHA1PRNG] took [43,336] milliseconds.
Nov 19, 2020 12:44:30 PM org.apache.catalina.startup.HostConfig deployDirectory
INFO: Deployment of web application directory [/home/apache-tomcat-7.0.106/webapps/ROOT] has finished in [43,849] ms
Nov 19, 2020 12:44:30 PM org.apache.catalina.startup.HostConfig deployDirectory
INFO: Deploying web application directory [/home/apache-tomcat-7.0.106/webapps/docs]
Nov 19, 2020 12:44:30 PM org.apache.catalina.startup.HostConfig deployDirectory
INFO: Deployment of web application directory [/home/apache-tomcat-7.0.106/webapps/docs] has finished in [108] ms
Nov 19, 2020 12:44:30 PM org.apache.catalina.startup.HostConfig deployDirectory
INFO: Deploying web application directory [/home/apache-tomcat-7.0.106/webapps/host-manager]
Nov 19, 2020 12:44:30 PM org.apache.catalina.startup.HostConfig deployDirectory
INFO: Deployment of web application directory [/home/apache-tomcat-7.0.106/webapps/host-manager] has finished in [205] ms
Nov 19, 2020 12:44:30 PM org.apache.catalina.startup.HostConfig deployDirectory
INFO: Deploying web application directory [/home/apache-tomcat-7.0.106/webapps/examples]
Nov 19, 2020 12:44:30 PM org.apache.catalina.startup.HostConfig deployDirectory
INFO: Deployment of web application directory [/home/apache-tomcat-7.0.106/webapps/examples] has finished in [369] ms
Nov 19, 2020 12:44:30 PM org.apache.catalina.startup.HostConfig deployDirectory
INFO: Deploying web application directory [/home/apache-tomcat-7.0.106/webapps/manager]
Nov 19, 2020 12:44:31 PM org.apache.catalina.startup.HostConfig deployDirectory
INFO: Deployment of web application directory [/home/apache-tomcat-7.0.106/webapps/manager] has finished in [82] ms
Nov 19, 2020 12:44:31 PM org.apache.coyote.AbstractProtocol start
INFO: Starting ProtocolHandler ["http-bio-8181"]
Nov 19, 2020 12:44:31 PM org.apache.catalina.startup.Catalina start
INFO: Server startup in 44738 ms
Nov 19, 2020 2:32:43 PM org.apache.catalina.startup.VersionLoggerListener log
INFO: Server version name:   Apache Tomcat/7.0.106
Nov 19, 2020 2:32:43 PM org.apache.catalina.startup.VersionLoggerListener log
INFO: Server built:          Sep 16 2020 08:33:41 UTC
Nov 19, 2020 2:32:43 PM org.apache.catalina.startup.VersionLoggerListener log
INFO: Server version number: 7.0.106.0
Nov 19, 2020 2:32:43 PM org.apache.catalina.startup.VersionLoggerListener log
INFO: OS Name:               Linux
Nov 19, 2020 2:32:43 PM org.apache.catalina.startup.VersionLoggerListener log
INFO: OS Version:            5.4.0-1029-aws
Nov 19, 2020 2:32:43 PM org.apache.catalina.startup.VersionLoggerListener log
INFO: Architecture:          amd64
Nov 19, 2020 2:32:43 PM org.apache.catalina.startup.VersionLoggerListener log
INFO: Java Home:             /usr/lib/jvm/java-8-openjdk-amd64/jre
Nov 19, 2020 2:32:43 PM org.apache.catalina.startup.VersionLoggerListener log
INFO: JVM Version:           1.8.0_275-8u275-b01-0ubuntu1~18.04-b01
Nov 19, 2020 2:32:43 PM org.apache.catalina.startup.VersionLoggerListener log
INFO: JVM Vendor:            Private Build
Nov 19, 2020 2:32:43 PM org.apache.catalina.startup.VersionLoggerListener log
INFO: CATALINA_BASE:         /home/apache-tomcat-7.0.106
Nov 19, 2020 2:32:43 PM org.apache.catalina.startup.VersionLoggerListener log
INFO: CATALINA_HOME:         /home/apache-tomcat-7.0.106
Nov 19, 2020 2:32:43 PM org.apache.catalina.startup.VersionLoggerListener log
INFO: Command line argument: -Djava.util.logging.config.file=/home/apache-tomcat-7.0.106/conf/logging.properties
Nov 19, 2020 2:32:43 PM org.apache.catalina.startup.VersionLoggerListener log
INFO: Command line argument: -Djava.util.logging.manager=org.apache.juli.ClassLoaderLogManager
Nov 19, 2020 2:32:43 PM org.apache.catalina.startup.VersionLoggerListener log
INFO: Command line argument: -Djdk.tls.ephemeralDHKeySize=2048
Nov 19, 2020 2:32:43 PM org.apache.catalina.startup.VersionLoggerListener log
INFO: Command line argument: -Dorg.apache.catalina.security.SecurityListener.UMASK=0027
Nov 19, 2020 2:32:43 PM org.apache.catalina.startup.VersionLoggerListener log
INFO: Command line argument: -Dignore.endorsed.dirs=
Nov 19, 2020 2:32:43 PM org.apache.catalina.startup.VersionLoggerListener log
INFO: Command line argument: -Dcatalina.base=/home/apache-tomcat-7.0.106
Nov 19, 2020 2:32:43 PM org.apache.catalina.startup.VersionLoggerListener log
INFO: Command line argument: -Dcatalina.home=/home/apache-tomcat-7.0.106
Nov 19, 2020 2:32:43 PM org.apache.catalina.startup.VersionLoggerListener log
INFO: Command line argument: -Djava.io.tmpdir=/home/apache-tomcat-7.0.106/temp
Nov 19, 2020 2:32:43 PM org.apache.catalina.core.AprLifecycleListener lifecycleEvent
INFO: The Apache Tomcat Native library which allows using OpenSSL was not found on the java.library.path: [/usr/java/packages/lib/amd64:/usr/lib/x86_64-linux-gnu/jni:/lib/x86_64-linux-gnu:/usr/lib/x86_64-linux-gnu:/usr/lib/jni:/lib:/usr/lib]
Nov 19, 2020 2:32:43 PM org.apache.coyote.AbstractProtocol init
INFO: Initializing ProtocolHandler ["http-bio-8181"]
Nov 19, 2020 2:32:43 PM org.apache.catalina.startup.Catalina load
INFO: Initialization processed in 1845 ms
Nov 19, 2020 2:32:43 PM org.apache.catalina.core.StandardService startInternal
INFO: Starting service [Catalina]
Nov 19, 2020 2:32:43 PM org.apache.catalina.core.StandardEngine startInternal
INFO: Starting Servlet Engine: Apache Tomcat/7.0.106
Nov 19, 2020 2:32:43 PM org.apache.catalina.startup.HostConfig deployDirectory
INFO: Deploying web application directory [/home/apache-tomcat-7.0.106/webapps/ROOT]
Nov 19, 2020 2:32:44 PM org.apache.catalina.startup.HostConfig deployDirectory
INFO: Deployment of web application directory [/home/apache-tomcat-7.0.106/webapps/ROOT] has finished in [626] ms
Nov 19, 2020 2:32:44 PM org.apache.catalina.startup.HostConfig deployDirectory
INFO: Deploying web application directory [/home/apache-tomcat-7.0.106/webapps/docs]
Nov 19, 2020 2:32:44 PM org.apache.catalina.startup.HostConfig deployDirectory
INFO: Deployment of web application directory [/home/apache-tomcat-7.0.106/webapps/docs] has finished in [107] ms
Nov 19, 2020 2:32:44 PM org.apache.catalina.startup.HostConfig deployDirectory
INFO: Deploying web application directory [/home/apache-tomcat-7.0.106/webapps/host-manager]
Nov 19, 2020 2:32:44 PM org.apache.catalina.startup.HostConfig deployDirectory
INFO: Deployment of web application directory [/home/apache-tomcat-7.0.106/webapps/host-manager] has finished in [187] ms
Nov 19, 2020 2:32:44 PM org.apache.catalina.startup.HostConfig deployDirectory
INFO: Deploying web application directory [/home/apache-tomcat-7.0.106/webapps/examples]
Nov 19, 2020 2:32:44 PM org.apache.catalina.startup.HostConfig deployDirectory
INFO: Deployment of web application directory [/home/apache-tomcat-7.0.106/webapps/examples] has finished in [478] ms
Nov 19, 2020 2:32:44 PM org.apache.catalina.startup.HostConfig deployDirectory
INFO: Deploying web application directory [/home/apache-tomcat-7.0.106/webapps/manager]
Nov 19, 2020 2:32:45 PM org.apache.catalina.startup.HostConfig deployDirectory
INFO: Deployment of web application directory [/home/apache-tomcat-7.0.106/webapps/manager] has finished in [101] ms
Nov 19, 2020 2:32:45 PM org.apache.coyote.AbstractProtocol start
INFO: Starting ProtocolHandler ["http-bio-8181"]
Nov 19, 2020 2:32:45 PM org.apache.catalina.startup.Catalina start
INFO: Server startup in 1662 ms
Nov 19, 2020 5:02:09 PM org.apache.catalina.startup.VersionLoggerListener log
INFO: Server version name:   Apache Tomcat/7.0.106
Nov 19, 2020 5:02:09 PM org.apache.catalina.startup.VersionLoggerListener log
INFO: Server built:          Sep 16 2020 08:33:41 UTC
Nov 19, 2020 5:02:09 PM org.apache.catalina.startup.VersionLoggerListener log
INFO: Server version number: 7.0.106.0
Nov 19, 2020 5:02:09 PM org.apache.catalina.startup.VersionLoggerListener log
INFO: OS Name:               Linux
Nov 19, 2020 5:02:09 PM org.apache.catalina.startup.VersionLoggerListener log
INFO: OS Version:            5.4.0-1029-aws
Nov 19, 2020 5:02:09 PM org.apache.catalina.startup.VersionLoggerListener log
INFO: Architecture:          amd64
Nov 19, 2020 5:02:09 PM org.apache.catalina.startup.VersionLoggerListener log
INFO: Java Home:             /usr/lib/jvm/java-8-openjdk-amd64/jre
Nov 19, 2020 5:02:09 PM org.apache.catalina.startup.VersionLoggerListener log
INFO: JVM Version:           1.8.0_275-8u275-b01-0ubuntu1~18.04-b01
Nov 19, 2020 5:02:09 PM org.apache.catalina.startup.VersionLoggerListener log
INFO: JVM Vendor:            Private Build
Nov 19, 2020 5:02:09 PM org.apache.catalina.startup.VersionLoggerListener log
INFO: CATALINA_BASE:         /home/apache-tomcat-7.0.106
Nov 19, 2020 5:02:09 PM org.apache.catalina.startup.VersionLoggerListener log
INFO: CATALINA_HOME:         /home/apache-tomcat-7.0.106
Nov 19, 2020 5:02:09 PM org.apache.catalina.startup.VersionLoggerListener log
INFO: Command line argument: -Djava.util.logging.config.file=/home/apache-tomcat-7.0.106/conf/logging.properties
Nov 19, 2020 5:02:09 PM org.apache.catalina.startup.VersionLoggerListener log
INFO: Command line argument: -Djava.util.logging.manager=org.apache.juli.ClassLoaderLogManager
Nov 19, 2020 5:02:09 PM org.apache.catalina.startup.VersionLoggerListener log
INFO: Command line argument: -Djdk.tls.ephemeralDHKeySize=2048
Nov 19, 2020 5:02:09 PM org.apache.catalina.startup.VersionLoggerListener log
INFO: Command line argument: -Dorg.apache.catalina.security.SecurityListener.UMASK=0027
Nov 19, 2020 5:02:09 PM org.apache.catalina.startup.VersionLoggerListener log
INFO: Command line argument: -Dignore.endorsed.dirs=
Nov 19, 2020 5:02:09 PM org.apache.catalina.startup.VersionLoggerListener log
INFO: Command line argument: -Dcatalina.base=/home/apache-tomcat-7.0.106
Nov 19, 2020 5:02:09 PM org.apache.catalina.startup.VersionLoggerListener log
INFO: Command line argument: -Dcatalina.home=/home/apache-tomcat-7.0.106
Nov 19, 2020 5:02:09 PM org.apache.catalina.startup.VersionLoggerListener log
INFO: Command line argument: -Djava.io.tmpdir=/home/apache-tomcat-7.0.106/temp
Nov 19, 2020 5:02:09 PM org.apache.catalina.core.AprLifecycleListener lifecycleEvent
INFO: The Apache Tomcat Native library which allows using OpenSSL was not found on the java.library.path: [/usr/java/packages/lib/amd64:/usr/lib/x86_64-linux-gnu/jni:/lib/x86_64-linux-gnu:/usr/lib/x86_64-linux-gnu:/usr/lib/jni:/lib:/usr/lib]
Nov 19, 2020 5:02:10 PM org.apache.coyote.AbstractProtocol init
INFO: Initializing ProtocolHandler ["http-bio-8181"]
Nov 19, 2020 5:02:10 PM org.apache.catalina.startup.Catalina load
INFO: Initialization processed in 1799 ms
Nov 19, 2020 5:02:10 PM org.apache.catalina.core.StandardService startInternal
INFO: Starting service [Catalina]
Nov 19, 2020 5:02:10 PM org.apache.catalina.core.StandardEngine startInternal
INFO: Starting Servlet Engine: Apache Tomcat/7.0.106
Nov 19, 2020 5:02:10 PM org.apache.catalina.startup.HostConfig deployDirectory
INFO: Deploying web application directory [/home/apache-tomcat-7.0.106/webapps/ROOT]
Nov 19, 2020 5:02:17 PM org.apache.catalina.util.SessionIdGeneratorBase createSecureRandom
WARNING: Creation of SecureRandom instance for session ID generation using [SHA1PRNG] took [6,648] milliseconds.
Nov 19, 2020 5:02:17 PM org.apache.catalina.startup.HostConfig deployDirectory
INFO: Deployment of web application directory [/home/apache-tomcat-7.0.106/webapps/ROOT] has finished in [7,233] ms
Nov 19, 2020 5:02:17 PM org.apache.catalina.startup.HostConfig deployDirectory
INFO: Deploying web application directory [/home/apache-tomcat-7.0.106/webapps/docs]
Nov 19, 2020 5:02:17 PM org.apache.catalina.startup.HostConfig deployDirectory
INFO: Deployment of web application directory [/home/apache-tomcat-7.0.106/webapps/docs] has finished in [103] ms
Nov 19, 2020 5:02:17 PM org.apache.catalina.startup.HostConfig deployDirectory
INFO: Deploying web application directory [/home/apache-tomcat-7.0.106/webapps/host-manager]
Nov 19, 2020 5:02:17 PM org.apache.catalina.startup.HostConfig deployDirectory
INFO: Deployment of web application directory [/home/apache-tomcat-7.0.106/webapps/host-manager] has finished in [120] ms
Nov 19, 2020 5:02:17 PM org.apache.catalina.startup.HostConfig deployDirectory
INFO: Deploying web application directory [/home/apache-tomcat-7.0.106/webapps/examples]
Nov 19, 2020 5:02:18 PM org.apache.catalina.startup.HostConfig deployDirectory
INFO: Deployment of web application directory [/home/apache-tomcat-7.0.106/webapps/examples] has finished in [564] ms
Nov 19, 2020 5:02:18 PM org.apache.catalina.startup.HostConfig deployDirectory
INFO: Deploying web application directory [/home/apache-tomcat-7.0.106/webapps/manager]
Nov 19, 2020 5:02:18 PM org.apache.catalina.startup.HostConfig deployDirectory
INFO: Deployment of web application directory [/home/apache-tomcat-7.0.106/webapps/manager] has finished in [98] ms
Nov 19, 2020 5:02:18 PM org.apache.coyote.AbstractProtocol start
INFO: Starting ProtocolHandler ["http-bio-8181"]
Nov 19, 2020 5:02:18 PM org.apache.catalina.startup.Catalina start
INFO: Server startup in 8272 ms
