Nov 23, 2020 2:45:30 PM org.apache.catalina.core.ApplicationContext log
INFO: Manager: init: Associated with Deployer 'Catalina:type=Deployer,host=localhost'
Nov 23, 2020 2:45:30 PM org.apache.catalina.core.ApplicationContext log
INFO: Manager: init: Global resources are available
Nov 23, 2020 2:45:30 PM org.apache.catalina.core.ApplicationContext log
INFO: Manager: list: Listing contexts for virtual host 'localhost'
Nov 23, 2020 2:45:30 PM org.apache.catalina.core.ApplicationContext log
INFO: Manager: deploy: Deploying web application '/gameoflife.war'
Nov 23, 2020 2:45:30 PM org.apache.catalina.core.ApplicationContext log
INFO: Manager: Uploading WAR file to /home/apache-tomcat-7.0.106/webapps/gameoflife.war.war
Nov 23, 2020 2:46:59 PM org.apache.catalina.core.ApplicationContext log
INFO: HTMLManager: init: Associated with Deployer 'Catalina:type=Deployer,host=localhost'
Nov 23, 2020 2:46:59 PM org.apache.catalina.core.ApplicationContext log
INFO: HTMLManager: init: Global resources are available
Nov 23, 2020 2:46:59 PM org.apache.catalina.core.ApplicationContext log
INFO: HTMLManager: list: Listing contexts for virtual host 'localhost'
Nov 23, 2020 3:02:09 PM org.apache.catalina.core.ApplicationContext log
INFO: Manager: list: Listing contexts for virtual host 'localhost'
Nov 23, 2020 3:02:09 PM org.apache.catalina.core.ApplicationContext log
INFO: Manager: list: Listing contexts for virtual host 'localhost'
Nov 23, 2020 3:02:09 PM org.apache.catalina.core.ApplicationContext log
INFO: Manager: undeploy: Undeploying web application at '/gameoflife.war'
Nov 23, 2020 3:02:10 PM org.apache.catalina.core.ApplicationContext log
INFO: Manager: deploy: Deploying web application '/gameoflife.war'
Nov 23, 2020 3:02:10 PM org.apache.catalina.core.ApplicationContext log
INFO: Manager: Uploading WAR file to /home/apache-tomcat-7.0.106/webapps/gameoflife.war.war
